# JRE version: Java(TM) SE Runtime Environment (8.0_60-b27) (build 1.8.0_60-b27)
# Java VM: Java HotSpot(TM) 64-Bit Server VM (25.60-b23 mixed mode windows-amd64 compressed oops)
Heap:
 PSYoungGen      total 499712K, used 232472K [0x000000076b400000, 0x000000078b880000, 0x00000007c0000000)
  eden space 478208K, 48% used [0x000000076b400000,0x00000007797062b8,0x0000000788700000)
  from space 21504K, 0% used [0x0000000789c80000,0x0000000789c80000,0x000000078b180000)
  to   space 22016K, 0% used [0x0000000788700000,0x0000000788700000,0x0000000789c80000)
 ParOldGen       total 214528K, used 32210K [0x00000006c1c00000, 0x00000006ced80000, 0x000000076b400000)
  object space 214528K, 15% used [0x00000006c1c00000,0x00000006c3b74be0,0x00000006ced80000)
 Metaspace       used 59493K, capacity 62980K, committed 63232K, reserved 1103872K
  class space    used 8267K, capacity 8857K, committed 8960K, reserved 1048576K
GC Heap History (10 events):
Event: 8.695 GC heap before
{Heap before GC invocations=12 (full 2):
 PSYoungGen      total 313344K, used 313319K [0x000000076b400000, 0x0000000785680000, 0x00000007c0000000)
  eden space 297472K, 100% used [0x000000076b400000,0x000000077d680000,0x000000077d680000)
  from space 15872K, 99% used [0x000000077d680000,0x000000077e5f9c60,0x000000077e600000)
  to   space 19968K, 0% used [0x0000000784300000,0x0000000784300000,0x0000000785680000)
 ParOldGen       total 154112K, used 22615K [0x00000006c1c00000, 0x00000006cb280000, 0x000000076b400000)
  object space 154112K, 14% used [0x00000006c1c00000,0x00000006c3215c58,0x00000006cb280000)
 Metaspace       used 55778K, capacity 58890K, committed 59136K, reserved 1099776K
  class space    used 7797K, capacity 8329K, committed 8448K, reserved 1048576K
Event: 8.717 GC heap after
Heap after GC invocations=12 (full 2):
 PSYoungGen      total 402432K, used 19427K [0x000000076b400000, 0x0000000785600000, 0x00000007c0000000)
  eden space 382976K, 0% used [0x000000076b400000,0x000000076b400000,0x0000000782a00000)
  from space 19456K, 99% used [0x0000000784300000,0x00000007855f8c40,0x0000000785600000)
  to   space 22528K, 0% used [0x0000000782a00000,0x0000000782a00000,0x0000000784000000)
 ParOldGen       total 154112K, used 22623K [0x00000006c1c00000, 0x00000006cb280000, 0x000000076b400000)
  object space 154112K, 14% used [0x00000006c1c00000,0x00000006c3217c58,0x00000006cb280000)
 Metaspace       used 55778K, capacity 58890K, committed 59136K, reserved 1099776K
  class space    used 7797K, capacity 8329K, committed 8448K, reserved 1048576K
}
Event: 15.659 GC heap before
{Heap before GC invocations=13 (full 2):
 PSYoungGen      total 402432K, used 44112K [0x000000076b400000, 0x0000000785600000, 0x00000007c0000000)
  eden space 382976K, 6% used [0x000000076b400000,0x000000076cc1b678,0x0000000782a00000)
  from space 19456K, 99% used [0x0000000784300000,0x00000007855f8c40,0x0000000785600000)
  to   space 22528K, 0% used [0x0000000782a00000,0x0000000782a00000,0x0000000784000000)
 ParOldGen       total 154112K, used 22623K [0x00000006c1c00000, 0x00000006cb280000, 0x000000076b400000)
  object space 154112K, 14% used [0x00000006c1c00000,0x00000006c3217c58,0x00000006cb280000)
 Metaspace       used 55824K, capacity 58972K, committed 59136K, reserved 1099776K
  class space    used 7804K, capacity 8332K, committed 8448K, reserved 1048576K
Event: 15.672 GC heap after
Heap after GC invocations=13 (full 2):
 PSYoungGen      total 405504K, used 9298K [0x000000076b400000, 0x000000078b180000, 0x00000007c0000000)
  eden space 382976K, 0% used [0x000000076b400000,0x000000076b400000,0x0000000782a00000)
  from space 22528K, 41% used [0x0000000782a00000,0x0000000783314a88,0x0000000784000000)
  to   space 21504K, 0% used [0x0000000789c80000,0x0000000789c80000,0x000000078b180000)
 ParOldGen       total 154112K, used 29184K [0x00000006c1c00000, 0x00000006cb280000, 0x000000076b400000)
  object space 154112K, 18% used [0x00000006c1c00000,0x00000006c3880328,0x00000006cb280000)
 Metaspace       used 55824K, capacity 58972K, committed 59136K, reserved 1099776K
  class space    used 7804K, capacity 8332K, committed 8448K, reserved 1048576K
}
Event: 15.672 GC heap before
{Heap before GC invocations=14 (full 3):
 PSYoungGen      total 405504K, used 9298K [0x000000076b400000, 0x000000078b180000, 0x00000007c0000000)
  eden space 382976K, 0% used [0x000000076b400000,0x000000076b400000,0x0000000782a00000)
  from space 22528K, 41% used [0x0000000782a00000,0x0000000783314a88,0x0000000784000000)
  to   space 21504K, 0% used [0x0000000789c80000,0x0000000789c80000,0x000000078b180000)
 ParOldGen       total 154112K, used 29184K [0x00000006c1c00000, 0x00000006cb280000, 0x000000076b400000)
  object space 154112K, 18% used [0x00000006c1c00000,0x00000006c3880328,0x00000006cb280000)
 Metaspace       used 55824K, capacity 58972K, committed 59136K, reserved 1099776K
  class space    used 7804K, capacity 8332K, committed 8448K, reserved 1048576K
Event: 15.818 GC heap after
Heap after GC invocations=14 (full 3):
 PSYoungGen      total 405504K, used 0K [0x000000076b400000, 0x000000078b180000, 0x00000007c0000000)
  eden space 382976K, 0% used [0x000000076b400000,0x000000076b400000,0x0000000782a00000)
  from space 22528K, 0% used [0x0000000782a00000,0x0000000782a00000,0x0000000784000000)
  to   space 21504K, 0% used [0x0000000789c80000,0x0000000789c80000,0x000000078b180000)
 ParOldGen       total 214528K, used 29425K [0x00000006c1c00000, 0x00000006ced80000, 0x000000076b400000)
  object space 214528K, 13% used [0x00000006c1c00000,0x00000006c38bc588,0x00000006ced80000)
 Metaspace       used 55820K, capacity 58966K, committed 59136K, reserved 1099776K
  class space    used 7803K, capacity 8331K, committed 8448K, reserved 1048576K
}
Event: 464.576 GC heap before
{Heap before GC invocations=15 (full 3):
 PSYoungGen      total 405504K, used 156226K [0x000000076b400000, 0x000000078b180000, 0x00000007c0000000)
  eden space 382976K, 40% used [0x000000076b400000,0x0000000774c90a20,0x0000000782a00000)
  from space 22528K, 0% used [0x0000000782a00000,0x0000000782a00000,0x0000000784000000)
  to   space 21504K, 0% used [0x0000000789c80000,0x0000000789c80000,0x000000078b180000)
 ParOldGen       total 214528K, used 29425K [0x00000006c1c00000, 0x00000006ced80000, 0x000000076b400000)
  object space 214528K, 13% used [0x00000006c1c00000,0x00000006c38bc588,0x00000006ced80000)
 Metaspace       used 59032K, capacity 62434K, committed 62592K, reserved 1103872K
  class space    used 8224K, capacity 8800K, committed 8832K, reserved 1048576K
Event: 464.588 GC heap after
Heap after GC invocations=15 (full 3):
 PSYoungGen      total 499712K, used 3821K [0x000000076b400000, 0x000000078b880000, 0x00000007c0000000)
  eden space 478208K, 0% used [0x000000076b400000,0x000000076b400000,0x0000000788700000)
  from space 21504K, 17% used [0x0000000789c80000,0x000000078a03b7a0,0x000000078b180000)
  to   space 22016K, 0% used [0x0000000788700000,0x0000000788700000,0x0000000789c80000)
 ParOldGen       total 214528K, used 29433K [0x00000006c1c00000, 0x00000006ced80000, 0x000000076b400000)
  object space 214528K, 13% used [0x00000006c1c00000,0x00000006c38be588,0x00000006ced80000)
 Metaspace       used 59032K, capacity 62434K, committed 62592K, reserved 1103872K
  class space    used 8224K, capacity 8800K, committed 8832K, reserved 1048576K
}
Event: 464.588 GC heap before
{Heap before GC invocations=16 (full 4):
 PSYoungGen      total 499712K, used 3821K [0x000000076b400000, 0x000000078b880000, 0x00000007c0000000)
  eden space 478208K, 0% used [0x000000076b400000,0x000000076b400000,0x0000000788700000)
  from space 21504K, 17% used [0x0000000789c80000,0x000000078a03b7a0,0x000000078b180000)
  to   space 22016K, 0% used [0x0000000788700000,0x0000000788700000,0x0000000789c80000)
 ParOldGen       total 214528K, used 29433K [0x00000006c1c00000, 0x00000006ced80000, 0x000000076b400000)
  object space 214528K, 13% used [0x00000006c1c00000,0x00000006c38be588,0x00000006ced80000)
 Metaspace       used 59032K, capacity 62434K, committed 62592K, reserved 1103872K
  class space    used 8224K, capacity 8800K, committed 8832K, reserved 1048576K
Event: 464.868 GC heap after
Heap after GC invocations=16 (full 4):
 PSYoungGen      total 499712K, used 0K [0x000000076b400000, 0x000000078b880000, 0x00000007c0000000)
  eden space 478208K, 0% used [0x000000076b400000,0x000000076b400000,0x0000000788700000)
  from space 21504K, 0% used [0x0000000789c80000,0x0000000789c80000,0x000000078b180000)
  to   space 22016K, 0% used [0x0000000788700000,0x0000000788700000,0x0000000789c80000)
 ParOldGen       total 214528K, used 32210K [0x00000006c1c00000, 0x00000006ced80000, 0x000000076b400000)
  object space 214528K, 15% used [0x00000006c1c00000,0x00000006c3b74be0,0x00000006ced80000)
 Metaspace       used 59032K, capacity 62434K, committed 62592K, reserved 1103872K
  class space    used 8224K, capacity 8800K, committed 8832K, reserved 1048576K
}

